2020-04-10 20:42:51,264 - Galimed Logs - INFO - Бот загружен
2020-04-10 20:42:51,264 - Galimed Logs - INFO - Запуск...
2020-04-10 20:42:54,895 - Galimed Logs - INFO - Бот запущен
2020-04-10 20:42:57,509 - Galimed Logs - INFO - 70618794 начал сессию
2020-04-10 20:43:13,170 - Galimed Logs - ERROR - invalid literal for int() with base 10: 'vent.text'
2020-04-10 20:43:16,849 - Galimed Logs - INFO - Бот загружен
2020-04-10 20:43:16,849 - Galimed Logs - INFO - Запуск...
2020-04-10 20:43:20,547 - Galimed Logs - INFO - Бот запущен
2020-04-10 20:43:54,127 - Galimed Logs - INFO - Бот загружен
2020-04-10 20:43:54,127 - Galimed Logs - INFO - Запуск...
2020-04-10 20:43:58,216 - Galimed Logs - INFO - Бот запущен
2020-04-10 20:43:58,769 - Galimed Logs - INFO - 70618794 начал сессию
2020-04-10 20:44:14,684 - Galimed Logs - ERROR - can only concatenate str (not "dict") to str
2020-04-10 20:44:18,384 - Galimed Logs - INFO - Бот загружен
2020-04-10 20:44:18,384 - Galimed Logs - INFO - Запуск...
2020-04-10 20:44:23,160 - Galimed Logs - INFO - Бот запущен
2020-04-10 20:44:58,021 - Galimed Logs - INFO - Бот загружен
2020-04-10 20:44:58,022 - Galimed Logs - INFO - Запуск...
2020-04-10 20:45:01,899 - Galimed Logs - INFO - Бот запущен
2020-04-10 20:45:02,804 - Galimed Logs - INFO - 70618794 начал сессию
2020-04-10 20:45:35,981 - Galimed Logs - ERROR - can only concatenate str (not "dict") to str
2020-04-10 20:45:39,768 - Galimed Logs - INFO - Бот загружен
2020-04-10 20:45:39,768 - Galimed Logs - INFO - Запуск...
2020-04-10 20:45:43,690 - Galimed Logs - INFO - Бот запущен
2020-04-10 20:49:38,715 - Galimed Logs - INFO - Бот загружен
2020-04-10 20:49:38,715 - Galimed Logs - INFO - Запуск...
2020-04-10 20:49:42,432 - Galimed Logs - INFO - Бот запущен
2020-04-10 20:49:51,297 - Galimed Logs - INFO - 70618794 начал сессию
2020-04-10 20:50:08,801 - Galimed Logs - INFO - Client delited
2020-04-10 20:50:38,589 - Galimed Logs - INFO - Бот загружен
2020-04-10 20:50:38,589 - Galimed Logs - INFO - Запуск...
2020-04-10 20:50:42,252 - Galimed Logs - INFO - Бот запущен
2020-04-10 20:50:46,325 - Galimed Logs - INFO - 70618794 начал сессию
2020-04-10 20:51:04,264 - Galimed Logs - INFO - Client delited
2020-04-10 20:51:41,315 - Galimed Logs - INFO - Бот загружен
2020-04-10 20:51:41,316 - Galimed Logs - INFO - Запуск...
2020-04-10 20:51:44,991 - Galimed Logs - INFO - Бот запущен
2020-04-10 20:51:53,457 - Galimed Logs - INFO - Бот загружен
2020-04-10 20:51:53,458 - Galimed Logs - INFO - Запуск...
2020-04-10 20:51:57,156 - Galimed Logs - INFO - Бот запущен
2020-04-10 20:51:59,951 - Galimed Logs - INFO - 70618794 начал сессию
2020-04-10 20:52:12,235 - Galimed Logs - ERROR - Expecting value: line 1 column 1 (char 0)
2020-04-10 20:52:15,835 - Galimed Logs - INFO - Бот загружен
2020-04-10 20:52:15,835 - Galimed Logs - INFO - Запуск...
2020-04-10 20:52:19,752 - Galimed Logs - INFO - Бот запущен
2020-04-10 20:52:40,527 - Galimed Logs - INFO - 70618794 начал сессию
2020-04-10 20:53:05,854 - Galimed Logs - INFO - Client delited
2020-04-10 20:53:36,892 - Galimed Logs - INFO - Бот загружен
2020-04-10 20:53:36,892 - Galimed Logs - INFO - Запуск...
2020-04-10 20:53:40,804 - Galimed Logs - INFO - Бот запущен
2020-04-10 20:53:40,842 - Galimed Logs - INFO - 70618794 начал сессию
2020-04-10 20:54:19,351 - Galimed Logs - ERROR - can only concatenate str (not "dict") to str
2020-04-10 20:54:23,241 - Galimed Logs - INFO - Бот загружен
2020-04-10 20:54:23,242 - Galimed Logs - INFO - Запуск...
2020-04-10 20:54:26,974 - Galimed Logs - INFO - Бот запущен
2020-04-10 20:56:39,710 - Galimed Logs - INFO - Бот загружен
2020-04-10 20:56:39,710 - Galimed Logs - INFO - Запуск...
2020-04-10 20:56:43,498 - Galimed Logs - INFO - Бот запущен
2020-04-10 20:57:01,804 - Galimed Logs - INFO - 70618794 начал сессию
2020-04-10 20:57:20,293 - Galimed Logs - ERROR - can only concatenate str (not "dict") to str
2020-04-10 20:57:23,961 - Galimed Logs - INFO - Бот загружен
2020-04-10 20:57:23,961 - Galimed Logs - INFO - Запуск...
2020-04-10 20:57:27,840 - Galimed Logs - INFO - Бот запущен
2020-04-10 20:58:11,740 - Galimed Logs - INFO - Бот загружен
2020-04-10 20:58:11,741 - Galimed Logs - INFO - Запуск...
2020-04-10 20:58:15,648 - Galimed Logs - INFO - Бот запущен
2020-04-10 20:58:57,918 - Galimed Logs - INFO - 70618794 начал сессию
2020-04-10 22:46:36,353 - Galimed Logs - ERROR - can only concatenate str (not "dict") to str
2020-04-10 22:46:40,023 - Galimed Logs - INFO - Бот загружен
2020-04-10 22:46:40,023 - Galimed Logs - INFO - Запуск...
2020-04-10 22:46:43,890 - Galimed Logs - INFO - Бот запущен
2020-04-10 22:49:01,359 - Galimed Logs - ERROR - Expecting value: line 1 column 1 (char 0)
2020-04-10 22:49:05,035 - Galimed Logs - INFO - Бот загружен
2020-04-10 22:49:05,036 - Galimed Logs - INFO - Запуск...
2020-04-10 22:49:08,707 - Galimed Logs - INFO - Бот запущен
2020-04-10 22:49:08,777 - Galimed Logs - INFO - 70618794 начал сессию
2020-04-10 22:49:28,509 - Galimed Logs - ERROR - 'User' object is not subscriptable
2020-04-10 22:49:32,212 - Galimed Logs - INFO - Бот загружен
2020-04-10 22:49:32,212 - Galimed Logs - INFO - Запуск...
2020-04-10 22:49:36,077 - Galimed Logs - INFO - Бот запущен
2020-04-10 22:50:12,486 - Galimed Logs - INFO - Бот загружен
2020-04-10 22:50:12,486 - Galimed Logs - INFO - Запуск...
2020-04-10 22:50:16,216 - Galimed Logs - INFO - Бот запущен
2020-04-10 22:50:20,656 - Galimed Logs - INFO - 70618794 начал сессию
2020-04-10 22:52:53,845 - Galimed Logs - INFO - Бот загружен
2020-04-10 22:52:53,845 - Galimed Logs - INFO - Запуск...
2020-04-10 22:52:57,691 - Galimed Logs - INFO - Бот запущен
2020-04-10 22:53:02,789 - Galimed Logs - INFO - Бот загружен
2020-04-10 22:53:02,790 - Galimed Logs - INFO - Запуск...
2020-04-10 22:53:06,359 - Galimed Logs - INFO - Бот запущен
2020-04-10 22:53:22,292 - Galimed Logs - INFO - 70618794 начал сессию
2020-04-10 22:54:39,072 - Galimed Logs - INFO - Бот загружен
2020-04-10 22:54:39,073 - Galimed Logs - INFO - Запуск...
2020-04-10 22:54:42,785 - Galimed Logs - INFO - Бот запущен
2020-04-10 22:54:47,632 - Galimed Logs - INFO - 70618794 начал сессию
2020-04-10 22:57:15,438 - Galimed Logs - INFO - Бот загружен
2020-04-10 22:57:15,438 - Galimed Logs - INFO - Запуск...
2020-04-10 22:57:19,113 - Galimed Logs - INFO - Бот запущен
2020-04-10 22:57:26,919 - Galimed Logs - INFO - 70618794 начал сессию
2020-04-10 22:58:30,755 - Galimed Logs - INFO - Бот загружен
2020-04-10 22:58:30,755 - Galimed Logs - INFO - Запуск...
2020-04-10 22:58:34,446 - Galimed Logs - INFO - Бот запущен
2020-04-10 22:59:10,438 - Galimed Logs - INFO - 70618794 начал сессию
2020-04-10 22:59:34,684 - Galimed Logs - INFO - Данные отправлены: 
2020-04-10 22:59:34,684 - Galimed Logs - INFO - {'day': 14, 'first_name': 'Сергей', 'hour': 12, 'id': 126, 'last_name': 'Денисов', 'minute': 30, 'month': 4, 'phone': 9944261980}
2020-04-10 22:59:35,215 - Galimed Logs - INFO - Client delited
2020-04-11 10:02:42,045 - Galimed Logs - INFO - Бот загружен
2020-04-11 10:02:42,045 - Galimed Logs - INFO - Запуск...
2020-04-11 10:02:45,808 - Galimed Logs - INFO - Бот запущен
2020-04-11 10:03:43,635 - Galimed Logs - INFO - 482705363 начал сессию
2020-04-11 10:04:12,856 - Galimed Logs - INFO - Данные отправлены: 
2020-04-11 10:04:12,856 - Galimed Logs - INFO - {'day': 14, 'first_name': '3', 'hour': 12, 'id': 126, 'last_name': '3', 'minute': 0, 'month': 4, 'phone': 9220001100}
2020-04-11 10:04:13,355 - Galimed Logs - INFO - Client delited
2020-04-11 10:04:50,378 - Galimed Logs - INFO - 482705363 начал сессию
2020-04-11 10:15:47,641 - Galimed Logs - INFO - 482705363 начал сессию
2020-04-11 11:16:27,502 - Galimed Logs - INFO - 482705363 начал сессию
2020-04-11 11:59:31,086 - Galimed Logs - INFO - Бот загружен
2020-04-11 11:59:31,087 - Galimed Logs - INFO - Запуск...
2020-04-11 11:59:34,756 - Galimed Logs - INFO - Бот запущен
2020-04-11 11:59:41,761 - Galimed Logs - INFO - 70618794 начал сессию
2020-04-11 12:00:04,361 - Galimed Logs - ERROR - 'NoneType' object is not subscriptable
2020-04-11 12:00:08,757 - Galimed Logs - INFO - Бот загружен
2020-04-11 12:00:08,757 - Galimed Logs - INFO - Запуск...
2020-04-11 12:00:13,477 - Galimed Logs - INFO - Бот запущен
2020-04-11 12:01:03,343 - Galimed Logs - INFO - Бот загружен
2020-04-11 12:01:03,344 - Galimed Logs - INFO - Запуск...
2020-04-11 12:01:07,260 - Galimed Logs - INFO - Бот запущен
2020-04-11 12:01:11,334 - Galimed Logs - INFO - 70618794 начал сессию
2020-04-11 12:03:34,647 - Galimed Logs - INFO - Бот загружен
2020-04-11 12:03:34,647 - Galimed Logs - INFO - Запуск...
2020-04-11 12:03:38,344 - Galimed Logs - INFO - Бот запущен
2020-04-11 12:03:42,996 - Galimed Logs - INFO - 70618794 начал сессию
2020-04-11 12:05:26,988 - Galimed Logs - INFO - Бот загружен
2020-04-11 12:05:26,989 - Galimed Logs - INFO - Запуск...
2020-04-11 12:05:30,885 - Galimed Logs - INFO - Бот запущен
2020-04-11 12:05:34,472 - Galimed Logs - INFO - 70618794 начал сессию
2020-04-11 12:14:20,642 - Galimed Logs - INFO - Бот загружен
2020-04-11 12:14:20,642 - Galimed Logs - INFO - Запуск...
2020-04-11 12:14:24,605 - Galimed Logs - INFO - Бот запущен
2020-04-11 12:14:27,058 - Galimed Logs - INFO - 70618794 начал сессию
2020-04-11 12:15:21,593 - Galimed Logs - INFO - Бот загружен
2020-04-11 12:15:21,593 - Galimed Logs - INFO - Запуск...
2020-04-11 12:15:25,810 - Galimed Logs - INFO - Бот запущен
2020-04-11 12:15:27,609 - Galimed Logs - INFO - 70618794 начал сессию
2020-04-11 12:17:37,297 - Galimed Logs - INFO - 70618794 начал сессию
2020-04-11 12:17:41,327 - Galimed Logs - INFO - 70618794 начал сессию
2020-04-11 12:27:02,603 - Galimed Logs - INFO - Бот загружен
2020-04-11 12:27:02,603 - Galimed Logs - INFO - Запуск...
2020-04-11 12:27:06,230 - Galimed Logs - INFO - Бот запущен
2020-04-11 12:27:36,947 - Galimed Logs - INFO - Бот загружен
2020-04-11 12:27:36,947 - Galimed Logs - INFO - Запуск...
2020-04-11 12:27:40,619 - Galimed Logs - INFO - Бот запущен
2020-04-11 12:27:40,688 - Galimed Logs - INFO - 70618794 начал сессию
2020-04-11 12:28:31,442 - Galimed Logs - INFO - 70618794 начал сессию
2020-04-11 12:28:34,837 - Galimed Logs - INFO - 70618794 начал сессию
2020-04-11 12:32:29,878 - Galimed Logs - INFO - Бот загружен
2020-04-11 12:32:29,878 - Galimed Logs - INFO - Запуск...
2020-04-11 12:32:33,885 - Galimed Logs - INFO - Бот запущен
2020-04-11 12:32:36,927 - Galimed Logs - INFO - 70618794 начал сессию
2020-04-11 12:33:08,883 - Galimed Logs - INFO - 70618794 начал сессию
2020-04-11 12:33:50,332 - Galimed Logs - INFO - Бот загружен
2020-04-11 12:33:50,332 - Galimed Logs - INFO - Запуск...
2020-04-11 12:33:54,289 - Galimed Logs - INFO - Бот запущен
2020-04-11 12:34:04,463 - Galimed Logs - INFO - 70618794 начал сессию
2020-04-11 12:36:48,095 - Galimed Logs - INFO - Бот загружен
2020-04-11 12:36:48,095 - Galimed Logs - INFO - Запуск...
2020-04-11 12:36:52,089 - Galimed Logs - INFO - Бот запущен
2020-04-11 12:36:52,134 - Galimed Logs - INFO - 70618794 начал сессию
2020-04-11 12:39:14,250 - Galimed Logs - INFO - Бот загружен
2020-04-11 12:39:14,250 - Galimed Logs - INFO - Запуск...
2020-04-11 12:39:17,955 - Galimed Logs - INFO - Бот запущен
2020-04-11 12:39:20,575 - Galimed Logs - INFO - 70618794 начал сессию
2020-04-11 12:39:53,110 - Galimed Logs - INFO - Бот загружен
2020-04-11 12:39:53,111 - Galimed Logs - INFO - Запуск...
2020-04-11 12:39:56,970 - Galimed Logs - INFO - Бот запущен
2020-04-11 12:40:03,106 - Galimed Logs - INFO - 70618794 начал сессию
2020-04-11 12:41:57,769 - Galimed Logs - INFO - Бот загружен
2020-04-11 12:41:57,769 - Galimed Logs - INFO - Запуск...
2020-04-11 12:42:01,559 - Galimed Logs - INFO - Бот запущен
2020-04-11 12:42:01,624 - Galimed Logs - INFO - 70618794 начал сессию
2020-04-11 12:42:47,548 - Galimed Logs - INFO - Бот загружен
2020-04-11 12:42:47,549 - Galimed Logs - INFO - Запуск...
2020-04-11 12:42:51,312 - Galimed Logs - INFO - Бот запущен
2020-04-11 12:42:51,392 - Galimed Logs - INFO - 70618794 начал сессию
2020-04-11 12:44:31,490 - Galimed Logs - INFO - Бот загружен
2020-04-11 12:44:31,490 - Galimed Logs - INFO - Запуск...
2020-04-11 12:44:35,203 - Galimed Logs - INFO - Бот запущен
2020-04-11 12:44:40,435 - Galimed Logs - INFO - 70618794 начал сессию
2020-04-11 12:45:00,069 - Galimed Logs - INFO - Бот загружен
2020-04-11 12:45:00,070 - Galimed Logs - INFO - Запуск...
2020-04-11 12:45:04,008 - Galimed Logs - INFO - Бот запущен
2020-04-11 12:45:05,526 - Galimed Logs - INFO - 70618794 начал сессию
2020-04-11 12:47:40,722 - Galimed Logs - INFO - Бот загружен
2020-04-11 12:47:40,722 - Galimed Logs - INFO - Запуск...
2020-04-11 12:47:44,398 - Galimed Logs - INFO - Бот запущен
2020-04-11 12:47:44,951 - Galimed Logs - INFO - 70618794 начал сессию
2020-04-11 12:50:58,184 - Galimed Logs - INFO - Бот загружен
2020-04-11 12:50:58,184 - Galimed Logs - INFO - Запуск...
2020-04-11 12:51:02,086 - Galimed Logs - INFO - Бот запущен
2020-04-11 12:51:02,406 - Galimed Logs - INFO - 70618794 начал сессию
2020-04-11 12:51:37,259 - Galimed Logs - INFO - Бот загружен
2020-04-11 12:51:37,259 - Galimed Logs - INFO - Запуск...
2020-04-11 12:51:40,938 - Galimed Logs - INFO - Бот запущен
2020-04-11 12:51:44,307 - Galimed Logs - INFO - 70618794 начал сессию
2020-04-11 13:00:28,073 - Galimed Logs - INFO - Бот загружен
2020-04-11 13:00:28,073 - Galimed Logs - INFO - Запуск...
2020-04-11 13:00:31,906 - Galimed Logs - INFO - Бот запущен
2020-04-11 13:00:36,282 - Galimed Logs - INFO - 70618794 начал сессию
2020-04-11 13:01:27,772 - Galimed Logs - INFO - Бот загружен
2020-04-11 13:01:27,772 - Galimed Logs - INFO - Запуск...
2020-04-11 13:01:31,412 - Galimed Logs - INFO - Бот запущен
2020-04-11 13:02:07,438 - Galimed Logs - INFO - Бот загружен
2020-04-11 13:02:07,438 - Galimed Logs - INFO - Запуск...
2020-04-11 13:02:11,518 - Galimed Logs - INFO - Бот запущен
2020-04-11 13:02:21,086 - Galimed Logs - INFO - 70618794 начал сессию
2020-04-11 13:04:17,043 - Galimed Logs - INFO - Бот загружен
2020-04-11 13:04:17,044 - Galimed Logs - INFO - Запуск...
2020-04-11 13:04:21,207 - Galimed Logs - INFO - Бот запущен
2020-04-11 13:04:21,252 - Galimed Logs - INFO - 70618794 начал сессию
2020-04-11 13:10:48,845 - Galimed Logs - INFO - Бот загружен
2020-04-11 13:10:48,846 - Galimed Logs - INFO - Запуск...
2020-04-11 13:10:52,682 - Galimed Logs - INFO - Бот запущен
2020-04-11 13:10:52,739 - Galimed Logs - INFO - 70618794 начал сессию
2020-04-11 13:13:24,837 - Galimed Logs - INFO - Бот загружен
2020-04-11 13:13:24,838 - Galimed Logs - INFO - Запуск...
2020-04-11 13:13:28,928 - Galimed Logs - INFO - Бот запущен
2020-04-11 13:13:28,962 - Galimed Logs - INFO - 70618794 начал сессию
2020-04-11 13:19:52,530 - Galimed Logs - INFO - Бот загружен
2020-04-11 13:19:52,530 - Galimed Logs - INFO - Запуск...
2020-04-11 13:19:56,952 - Galimed Logs - INFO - Бот запущен
2020-04-11 13:19:57,025 - Galimed Logs - INFO - 70618794 начал сессию
2020-04-11 13:22:47,255 - Galimed Logs - INFO - Бот загружен
2020-04-11 13:22:47,255 - Galimed Logs - INFO - Запуск...
2020-04-11 13:22:50,925 - Galimed Logs - INFO - Бот запущен
2020-04-11 13:22:51,393 - Galimed Logs - INFO - 70618794 начал сессию
2020-04-11 13:23:54,474 - Galimed Logs - INFO - Бот загружен
2020-04-11 13:23:54,474 - Galimed Logs - INFO - Запуск...
2020-04-11 13:23:58,240 - Galimed Logs - INFO - Бот запущен
2020-04-11 13:23:58,311 - Galimed Logs - INFO - 70618794 начал сессию
2020-04-11 13:25:55,886 - Galimed Logs - INFO - Бот загружен
2020-04-11 13:25:55,886 - Galimed Logs - INFO - Запуск...
2020-04-11 13:25:59,515 - Galimed Logs - INFO - Бот запущен
2020-04-11 13:25:59,582 - Galimed Logs - INFO - 70618794 начал сессию
2020-04-11 13:28:03,523 - Galimed Logs - INFO - Бот загружен
2020-04-11 13:28:03,524 - Galimed Logs - INFO - Запуск...
2020-04-11 13:28:07,187 - Galimed Logs - INFO - Бот запущен
2020-04-11 13:28:11,836 - Galimed Logs - INFO - 70618794 начал сессию
2020-04-11 13:31:06,186 - Galimed Logs - INFO - Бот загружен
2020-04-11 13:31:06,187 - Galimed Logs - INFO - Запуск...
2020-04-11 13:31:09,847 - Galimed Logs - INFO - Бот запущен
2020-04-11 13:31:10,446 - Galimed Logs - INFO - 70618794 начал сессию
2020-04-11 13:31:14,547 - Galimed Logs - INFO - 70618794 начал сессию
2020-04-11 13:32:15,734 - Galimed Logs - INFO - 70618794 начал сессию
2020-04-11 13:33:37,261 - Galimed Logs - INFO - Бот загружен
2020-04-11 13:33:37,261 - Galimed Logs - INFO - Запуск...
2020-04-11 13:33:40,926 - Galimed Logs - INFO - Бот запущен
2020-04-11 13:33:46,936 - Galimed Logs - INFO - 70618794 начал сессию
2020-04-11 13:35:18,122 - Galimed Logs - INFO - Бот загружен
2020-04-11 13:35:18,123 - Galimed Logs - INFO - Запуск...
2020-04-11 13:35:21,728 - Galimed Logs - INFO - Бот запущен
2020-04-11 13:35:21,814 - Galimed Logs - INFO - 70618794 начал сессию
2020-04-11 13:35:33,168 - Galimed Logs - INFO - 70618794 начал сессию
2020-04-11 13:35:39,005 - Galimed Logs - INFO - 70618794 начал сессию
2020-04-11 13:35:58,605 - Galimed Logs - INFO - 482705363 начал сессию
2020-04-11 13:38:33,308 - Galimed Logs - INFO - Бот загружен
2020-04-11 13:38:33,309 - Galimed Logs - INFO - Запуск...
2020-04-11 13:38:36,983 - Galimed Logs - INFO - Бот запущен
2020-04-11 13:39:37,620 - Galimed Logs - INFO - Бот загружен
2020-04-11 13:39:37,620 - Galimed Logs - INFO - Запуск...
2020-04-11 13:39:41,624 - Galimed Logs - INFO - Бот запущен
2020-04-11 13:39:41,659 - Galimed Logs - INFO - 70618794 начал сессию
2020-04-11 13:39:45,163 - Galimed Logs - INFO - 70618794 начал сессию
2020-04-11 13:41:19,723 - Galimed Logs - INFO - 70618794 начал сессию
2020-04-11 13:43:13,917 - Galimed Logs - INFO - 482705363 начал сессию
2020-04-11 13:44:25,922 - Galimed Logs - INFO - Бот загружен
2020-04-11 13:44:25,922 - Galimed Logs - INFO - Запуск...
2020-04-11 13:44:29,882 - Galimed Logs - INFO - Бот запущен
2020-04-11 13:44:44,625 - Galimed Logs - INFO - 70618794 начал сессию
2020-04-11 13:45:17,260 - Galimed Logs - INFO - Бот загружен
2020-04-11 13:45:17,260 - Galimed Logs - INFO - Запуск...
2020-04-11 13:45:21,274 - Galimed Logs - INFO - Бот запущен
2020-04-11 13:45:21,353 - Galimed Logs - INFO - 70618794 начал сессию
2020-04-11 13:47:33,023 - Galimed Logs - INFO - Бот загружен
2020-04-11 13:47:33,024 - Galimed Logs - INFO - Запуск...
2020-04-11 13:47:37,100 - Galimed Logs - INFO - Бот запущен
2020-04-11 13:47:37,903 - Galimed Logs - INFO - 70618794 начал сессию
2020-04-11 13:47:41,003 - Galimed Logs - INFO - 70618794 начал сессию
2020-04-11 13:48:21,340 - Galimed Logs - INFO - Бот загружен
2020-04-11 13:48:21,340 - Galimed Logs - INFO - Запуск...
2020-04-11 13:48:24,989 - Galimed Logs - INFO - Бот запущен
2020-04-11 13:48:25,250 - Galimed Logs - INFO - 70618794 начал сессию
2020-04-11 13:48:47,673 - Galimed Logs - INFO - Бот загружен
2020-04-11 13:48:47,673 - Galimed Logs - INFO - Запуск...
2020-04-11 13:48:51,420 - Galimed Logs - INFO - Бот запущен
2020-04-11 13:48:51,572 - Galimed Logs - INFO - 70618794 начал сессию
2020-04-11 13:49:43,423 - Galimed Logs - INFO - Бот загружен
2020-04-11 13:49:43,424 - Galimed Logs - INFO - Запуск...
2020-04-11 13:49:47,144 - Galimed Logs - INFO - Бот запущен
2020-04-11 13:49:47,407 - Galimed Logs - INFO - 70618794 начал сессию
2020-04-11 13:50:31,573 - Galimed Logs - INFO - Бот загружен
2020-04-11 13:50:31,574 - Galimed Logs - INFO - Запуск...
2020-04-11 13:50:35,434 - Galimed Logs - INFO - Бот запущен
2020-04-11 13:50:35,478 - Galimed Logs - INFO - 70618794 начал сессию
2020-04-11 13:50:37,160 - Galimed Logs - INFO - 70618794 начал сессию
2020-04-11 13:51:10,884 - Galimed Logs - INFO - Бот загружен
2020-04-11 13:51:10,884 - Galimed Logs - INFO - Запуск...
2020-04-11 13:51:14,741 - Galimed Logs - INFO - Бот запущен
2020-04-11 13:51:17,874 - Galimed Logs - INFO - 70618794 начал сессию
2020-04-11 13:51:47,339 - Galimed Logs - INFO - Бот загружен
2020-04-11 13:51:47,339 - Galimed Logs - INFO - Запуск...
2020-04-11 13:51:51,000 - Galimed Logs - INFO - Бот запущен
2020-04-11 13:52:06,235 - Galimed Logs - INFO - Бот загружен
2020-04-11 13:52:06,236 - Galimed Logs - INFO - Запуск...
2020-04-11 13:52:09,895 - Galimed Logs - INFO - Бот запущен
2020-04-11 13:52:10,157 - Galimed Logs - INFO - 70618794 начал сессию
2020-04-11 13:52:55,174 - Galimed Logs - INFO - Бот загружен
2020-04-11 13:52:55,175 - Galimed Logs - INFO - Запуск...
2020-04-11 13:52:58,849 - Galimed Logs - INFO - Бот запущен
2020-04-11 13:52:58,895 - Galimed Logs - INFO - 70618794 начал сессию
2020-04-11 13:53:00,276 - Galimed Logs - INFO - 70618794 начал сессию
2020-04-11 13:53:03,059 - Galimed Logs - INFO - 70618794 начал сессию
2020-04-11 13:53:36,980 - Galimed Logs - INFO - Бот загружен
2020-04-11 13:53:36,980 - Galimed Logs - INFO - Запуск...
2020-04-11 13:53:40,967 - Galimed Logs - INFO - Бот запущен
2020-04-11 13:53:41,227 - Galimed Logs - INFO - 70618794 начал сессию
2020-04-11 13:57:14,222 - Galimed Logs - INFO - Бот загружен
2020-04-11 13:57:14,222 - Galimed Logs - INFO - Запуск...
2020-04-11 13:57:17,935 - Galimed Logs - INFO - Бот запущен
2020-04-11 13:57:21,284 - Galimed Logs - INFO - 70618794 начал сессию
2020-04-11 14:29:18,492 - Galimed Logs - INFO - Бот загружен
2020-04-11 14:29:18,493 - Galimed Logs - INFO - Запуск...
2020-04-11 14:29:22,196 - Galimed Logs - INFO - Бот запущен
2020-04-11 14:30:04,400 - Galimed Logs - INFO - 70618794 начал сессию
2020-04-11 14:40:20,284 - Galimed Logs - INFO - Бот загружен
2020-04-11 14:40:20,284 - Galimed Logs - INFO - Запуск...
2020-04-11 14:40:20,932 - Galimed Logs - ERROR - Expecting value: line 1 column 1 (char 0)
2020-04-11 14:40:24,593 - Galimed Logs - INFO - Бот загружен
2020-04-11 14:40:24,593 - Galimed Logs - INFO - Запуск...
2020-04-11 14:40:28,290 - Galimed Logs - INFO - Бот запущен
